Arguments: 
  /home/doug/.nvm/versions/node/v16.9.1/bin/node /usr/bin/yarn init

PATH: 
  /home/doug/.nvm/versions/node/v16.9.1/bin:/usr/local/sbin:/usr/local/bin:/usr/sbin:/usr/bin:/sbin:/bin:/usr/games:/usr/local/games:/snap/bin

Yarn version: 
  1.22.11

Node version: 
  16.9.1

Platform: 
  linux x64

Trace: 
  Error: canceled
      at Interface.<anonymous> (/usr/lib/node_modules/yarn/lib/cli.js:137023:13)
      at Interface.emit (node:events:394:28)
      at Interface._ttyWrite (node:readline:1081:16)
      at ReadStream.onkeypress (node:readline:288:10)
      at ReadStream.emit (node:events:394:28)
      at emitKeys (node:internal/readline/utils:358:14)
      at emitKeys.next (<anonymous>)
      at ReadStream.onData (node:internal/readline/emitKeypressEvents:61:36)
      at ReadStream.emit (node:events:394:28)
      at addChunk (node:internal/streams/readable:315:12)

npm manifest: 
  {
    "name": "desafio",
    "version": "1.0.0",
    "main": "index.js",
    "author": "Fx2500 <d.holz@live.com>",
    "license": "MIT",
    "type": "module",
    "scripts": {
      "start": "node --experimental-json-modules main.js"
    }
  }

yarn manifest: 
  No manifest

Lockfile: 
  # THIS IS AN AUTOGENERATED FILE. DO NOT EDIT THIS FILE DIRECTLY.
  # yarn lockfile v1
  
  
  "console-input@^1.0.2":
    "integrity" "sha512-8vgJR0k0hZZAVQRu2Z2TjhFCJd+J1IVqKkncuIkk9V41opvOPTiH5cK29YMGlFJqwCF/y93qCVLeyKSipb8Evg=="
    "resolved" "https://registry.npmjs.org/console-input/-/console-input-1.0.2.tgz"
    "version" "1.0.2"
    dependencies:
      "readline-sync" "^1.4.10"
  
  "readline-sync@^1.4.10":
    "integrity" "sha512-gNva8/6UAe8QYepIQH/jQ2qn91Qj0B9sYjMBBs3QOB8F2CXcKgLxQaJRP76sWVRQt+QU+8fAkCbCvjjMFu7Ycw=="
    "resolved" "https://registry.npmjs.org/readline-sync/-/readline-sync-1.4.10.tgz"
    "version" "1.4.10"
